<?xml version="1.0" encoding="UTF-8"?>
<testsuites name="GutTests" failures="0" tests="1568" >
  <testsuite name="tests/headless/test_aero_visibility.gd" tests="7" failures="0" skipped="0" time="7.792635" >
      <testcase name="test_set_aero_visible_hides_only_aero_meshes" assertions="3" status="pass" classname="tests/headless/test_aero_visibility.gd" time="1.182466" >
      </testcase>
      <testcase name="test_set_aero_visible_reveals_aero_meshes" assertions="2" status="pass" classname="tests/headless/test_aero_visibility.gd" time="1.077319" >
      </testcase>
      <testcase name="test_set_aero_visible_null_body_is_noop" assertions="1" status="pass" classname="tests/headless/test_aero_visibility.gd" time="1.071162" >
      </testcase>
      <testcase name="test_body_reveal_hides_wing_by_default" assertions="1" status="pass" classname="tests/headless/test_aero_visibility.gd" time="1.110153" >
      </testcase>
      <testcase name="test_aero_visibility_follows_enabled_state" assertions="3" status="pass" classname="tests/headless/test_aero_visibility.gd" time="1.130593" >
      </testcase>
      <testcase name="test_set_body_hidden_restore_keeps_wing_for_upgraded_car" assertions="3" status="pass" classname="tests/headless/test_aero_visibility.gd" time="1.11134" >
      </testcase>
      <testcase name="test_aero_meshes_keep_their_own_material" assertions="2" status="pass" classname="tests/headless/test_aero_visibility.gd" time="1.109602" >
      </testcase>
  </testsuite>
  <testsuite name="tests/headless/test_benchmark_mode.gd" tests="19" failures="0" skipped="0" time="1.253265" >
      <testcase name="test_every_toggle_has_a_default_on_option" assertions="16" status="pass" classname="tests/headless/test_benchmark_mode.gd" time="0.002543" >
      </testcase>
      <testcase name="test_set_option_flips_and_reads_back" assertions="2" status="pass" classname="tests/headless/test_benchmark_mode.gd" time="0.002157" >
      </testcase>
      <testcase name="test_apply_overrides_sets_up_the_benchmark_stage" assertions="3" status="pass" classname="tests/headless/test_benchmark_mode.gd" time="0.00217" >
      </testcase>
      <testcase name="test_apply_overrides_with_everything_on_keeps_features_enabled" assertions="8" status="pass" classname="tests/headless/test_benchmark_mode.gd" time="0.002185" >
      </testcase>
      <testcase name="test_toggles_off_disable_their_config_switches" assertions="8" status="pass" classname="tests/headless/test_benchmark_mode.gd" time="0.002144" >
      </testcase>
      <testcase name="test_render_distance_toggle_halves_foliage_distance" assertions="1" status="pass" classname="tests/headless/test_benchmark_mode.gd" time="0.002148" >
      </testcase>
      <testcase name="test_uncap_fps_toggle_clears_the_frame_cap" assertions="6" status="pass" classname="tests/headless/test_benchmark_mode.gd" time="0.002218" >
      </testcase>
      <testcase name="test_restore_returns_every_overridden_field" assertions="19" status="pass" classname="tests/headless/test_benchmark_mode.gd" time="0.002609" >
      </testcase>
      <testcase name="test_reapplying_overrides_keeps_the_original_snapshot" assertions="3" status="pass" classname="tests/headless/test_benchmark_mode.gd" time="0.002307" >
      </testcase>
      <testcase name="test_restore_without_a_snapshot_is_a_noop" assertions="1" status="pass" classname="tests/headless/test_benchmark_mode.gd" time="0.002112" >
      </testcase>
      <testcase name="test_summarise_frame_stats" assertions="8" status="pass" classname="tests/headless/test_benchmark_mode.gd" time="0.002191" >
      </testcase>
      <testcase name="test_summarise_handles_missing_and_empty_streams" assertions="3" status="pass" classname="tests/headless/test_benchmark_mode.gd" time="0.002114" >
      </testcase>
      <testcase name="test_summarise_covers_the_monitor_streams" assertions="3" status="pass" classname="tests/headless/test_benchmark_mode.gd" time="0.002109" >
      </testcase>
      <testcase name="test_percentile_nearest_rank" assertions="4" status="pass" classname="tests/headless/test_benchmark_mode.gd" time="0.002111" >
      </testcase>
      <testcase name="test_benchmark_scene_boots_gated_and_drives" assertions="59" status="pass" classname="tests/headless/test_benchmark_mode.gd" time="1.211026" >
      </testcase>
      <testcase name="test_steer_toward_turns_toward_the_target" assertions="4" status="pass" classname="tests/headless/test_benchmark_mode.gd" time="0.002573" >
      </testcase>
      <testcase name="test_steer_toward_respects_the_car_heading" assertions="1" status="pass" classname="tests/headless/test_benchmark_mode.gd" time="0.00216" >
      </testcase>
      <testcase name="test_throttle_for_holds_the_target_speed" assertions="3" status="pass" classname="tests/headless/test_benchmark_mode.gd" time="0.002219" >
      </testcase>
      <testcase name="test_frame_interval_measures_elapsed_wall_time" assertions="2" status="pass" classname="tests/headless/test_benchmark_mode.gd" time="0.004169" >
      </testcase>
  </testsuite>
  <testsuite name="tests/headless/test_benchmark_report.gd" tests="9" failures="0" skipped="0" time="0.001605" >
      <testcase name="test_build_carries_all_sections" assertions="7" status="pass" classname="tests/headless/test_benchmark_report.gd" time="0.00056" >
      </testcase>
      <testcase name="test_build_disabled_defaults_empty_when_absent" assertions="1" status="pass" classname="tests/headless/test_benchmark_report.gd" time="0.000106" >
      </testcase>
      <testcase name="test_to_json_roundtrips" assertions="2" status="pass" classname="tests/headless/test_benchmark_report.gd" time="0.00045" >
      </testcase>
      <testcase name="test_label_baseline_when_nothing_disabled" assertions="2" status="pass" classname="tests/headless/test_benchmark_report.gd" time="0.000071" >
      </testcase>
      <testcase name="test_label_lists_disabled_toggles" assertions="2" status="pass" classname="tests/headless/test_benchmark_report.gd" time="0.000066" >
      </testcase>
      <testcase name="test_label_is_filesystem_safe" assertions="27" status="pass" classname="tests/headless/test_benchmark_report.gd" time="0.000115" >
      </testcase>
      <testcase name="test_capture_averages_over_frame_count" assertions="2" status="pass" classname="tests/headless/test_benchmark_report.gd" time="0.000077" >
      </testcase>
      <testcase name="test_capture_ignores_tracks_outside_the_window" assertions="1" status="pass" classname="tests/headless/test_benchmark_report.gd" time="0.000057" >
      </testcase>
      <testcase name="test_capture_zero_frames_is_empty" assertions="1" status="pass" classname="tests/headless/test_benchmark_report.gd" time="0.000103" >
      </testcase>
  </testsuite>
  <testsuite name="tests/headless/test_benchmark_ui.gd" tests="6" failures="0" skipped="0" time="0.100419" >
      <testcase name="test_benchmark_page_has_a_row_per_toggle" assertions="9" status="pass" classname="tests/headless/test_benchmark_ui.gd" time="0.032066" >
      </testcase>
      <testcase name="test_toggle_row_flips_the_option_and_repaints" assertions="4" status="pass" classname="tests/headless/test_benchmark_ui.gd" time="0.032755" >
      </testcase>
      <testcase name="test_benchmark_page_navigation" assertions="4" status="pass" classname="tests/headless/test_benchmark_ui.gd" time="0.032996" >
      </testcase>
      <testcase name="test_results_panel_lines_carry_the_breakdown" assertions="6" status="pass" classname="tests/headless/test_benchmark_ui.gd" time="0.000269" >
      </testcase>
      <testcase name="test_results_panel_lines_survive_empty_stats" assertions="9" status="pass" classname="tests/headless/test_benchmark_ui.gd" time="0.000124" >
      </testcase>
      <testcase name="test_results_panel_is_keyboard_navigable_and_actions_fire" assertions="7" status="pass" classname="tests/headless/test_benchmark_ui.gd" time="0.002209" >
      </testcase>
  </testsuite>
  <testsuite name="tests/headless/test_billboard_field.gd" tests="4" failures="0" skipped="0" time="1.398836" >
      <testcase name="test_size_factor_in_jitter_range_and_matches_internal" assertions="6" status="pass" classname="tests/headless/test_billboard_field.gd" time="0.354472" >
      </testcase>
      <testcase name="test_size_factor_is_one_when_jitter_disabled" assertions="3" status="pass" classname="tests/headless/test_billboard_field.gd" time="0.347737" >
      </testcase>
      <testcase name="test_size_factor_bad_index_is_one" assertions="2" status="pass" classname="tests/headless/test_billboard_field.gd" time="0.348202" >
      </testcase>
      <testcase name="test_opaque_material_has_sun_uniforms" assertions="6" status="pass" classname="tests/headless/test_billboard_field.gd" time="0.348425" >
      </testcase>
  </testsuite>
  <testsuite name="tests/headless/test_bush_field.gd" tests="7" failures="0" skipped="0" time="0.000787" >
      <testcase name="test_drag_torque_sign_is_side_based" assertions="3" status="pass" classname="tests/headless/test_bush_field.gd" time="0.000098" >
      </testcase>
      <testcase name="test_drag_torque_zero_head_on_and_scales_with_magnitude" assertions="2" status="pass" classname="tests/headless/test_bush_field.gd" time="0.000072" >
      </testcase>
      <testcase name="test_drag_torque_zero_on_degenerate_input" assertions="2" status="pass" classname="tests/headless/test_bush_field.gd" time="0.000086" >
      </testcase>
      <testcase name="test_entering_a_bush_applies_drag_and_torque_once" assertions="5" status="pass" classname="tests/headless/test_bush_field.gd" time="0.000188" >
      </testcase>
      <testcase name="test_leaving_and_re_entering_re_arms" assertions="3" status="pass" classname="tests/headless/test_bush_field.gd" time="0.000134" >
      </testcase>
      <testcase name="test_below_min_speed_does_not_drag_or_tug" assertions="2" status="pass" classname="tests/headless/test_bush_field.gd" time="0.000105" >
      </testcase>
      <testcase name="test_far_from_any_bush_is_a_noop" assertions="2" status="pass" classname="tests/headless/test_bush_field.gd" time="0.000104" >
      </testcase>
  </testsuite>
  <testsuite name="tests/headless/test_camera_manager.gd" tests="6" failures="0" skipped="0" time="0.093005" >
      <testcase name="test_starts_on_chase_camera" assertions="3" status="pass" classname="tests/headless/test_camera_manager.gd" time="0.000225" >
      </testcase>
      <testcase name="test_cycle_switches_to_bonnet_then_back" assertions="6" status="pass" classname="tests/headless/test_camera_manager.gd" time="0.000191" >
      </testcase>
      <testcase name="test_set_mode_selects_and_persists" assertions="4" status="pass" classname="tests/headless/test_camera_manager.gd" time="0.000115" >
      </testcase>
      <testcase name="test_bonnet_uses_configured_offset_and_fov" assertions="2" status="pass" classname="tests/headless/test_camera_manager.gd" time="0.000092" >
      </testcase>
      <testcase name="test_bonnet_offset_composes_base_plus_per_car" assertions="1" status="pass" classname="tests/headless/test_camera_manager.gd" time="0.000079" >
      </testcase>
      <testcase name="test_cycle_car_retargets_both_cameras" assertions="3" status="pass" classname="tests/headless/test_camera_manager.gd" time="0.092303" >
      </testcase>
  </testsuite>
  <testsuite name="tests/headless/test_car.gd" tests="51" failures="0" skipped="0" time="4.650688" >
      <testcase name="test_car_settles_on_ground" assertions="2" status="pass" classname="tests/headless/test_car.gd" time="0.093392" >
      </testcase>
      <testcase name="test_handbrake_holds_against_slope_force" assertions="4" status="pass" classname="tests/headless/test_car.gd" time="0.070044" >
      </testcase>
      <testcase name="test_accelerate_moves_car_forward" assertions="1" status="pass" classname="tests/headless/test_car.gd" time="0.097631" >
      </testcase>
      <testcase name="test_locked_car_ignores_accelerate" assertions="1" status="pass" classname="tests/headless/test_car.gd" time="0.07738" >
      </testcase>
      <testcase name="test_is_held_true_under_either_hold_flag" assertions="4" status="pass" classname="tests/headless/test_car.gd" time="0.047876" >
      </testcase>
      <testcase name="test_countdown_hold_does_not_read_as_throttling" assertions="2" status="pass" classname="tests/headless/test_car.gd" time="0.046958" >
      </testcase>
      <testcase name="test_fully_locked_car_does_not_read_as_throttling" assertions="1" status="pass" classname="tests/headless/test_car.gd" time="0.047172" >
      </testcase>
      <testcase name="test_free_car_flooring_it_reads_as_throttling" assertions="1" status="pass" classname="tests/headless/test_car.gd" time="0.046385" >
      </testcase>
      <testcase name="test_reset_returns_to_start" assertions="3" status="pass" classname="tests/headless/test_car.gd" time="0.119036" >
      </testcase>
      <testcase name="test_aero_drag_decelerates_at_speed" assertions="3" status="pass" classname="tests/headless/test_car.gd" time="0.089967" >
      </testcase>
      <testcase name="test_redline_gearing_caps_top_speed" assertions="1" status="pass" classname="tests/headless/test_car.gd" time="0.069337" >
      </testcase>
      <testcase name="test_roll_influence_scales_longitudinal_pitch" assertions="2" status="pass" classname="tests/headless/test_car.gd" time="0.053312" >
      </testcase>
      <testcase name="test_front_wheels_caster_toward_travel_direction" assertions="2" status="pass" classname="tests/headless/test_car.gd" time="0.084752" >
      </testcase>
      <testcase name="test_travel_alignment_zero_disables_castering" assertions="1" status="pass" classname="tests/headless/test_car.gd" time="0.054335" >
      </testcase>
      <testcase name="test_travel_alignment_scales_down_at_low_speed" assertions="1" status="pass" classname="tests/headless/test_car.gd" time="0.095564" >
      </testcase>
      <testcase name="test_steer_assist_suppressed_below_min_speed" assertions="1" status="pass" classname="tests/headless/test_car.gd" time="0.069867" >
      </testcase>
      <testcase name="test_steer_assist_tapers_with_slip_angle" assertions="2" status="pass" classname="tests/headless/test_car.gd" time="0.211457" >
      </testcase>
      <testcase name="test_spin_assist_yaws_nose_back_toward_travel" assertions="1" status="pass" classname="tests/headless/test_car.gd" time="0.129083" >
      </testcase>
      <testcase name="test_spin_assist_inactive_below_threshold" assertions="1" status="pass" classname="tests/headless/test_car.gd" time="0.126916" >
      </testcase>
      <testcase name="test_spin_assist_suppressed_by_handbrake" assertions="1" status="pass" classname="tests/headless/test_car.gd" time="0.131781" >
      </testcase>
      <testcase name="test_rear_downforce_loads_rear_axle_at_speed" assertions="2" status="pass" classname="tests/headless/test_car.gd" time="0.060618" >
      </testcase>
      <testcase name="test_front_downforce_loads_front_axle_at_speed" assertions="2" status="pass" classname="tests/headless/test_car.gd" time="0.062606" >
      </testcase>
      <testcase name="test_negative_rear_downforce_lifts_rear_axle_at_speed" assertions="2" status="pass" classname="tests/headless/test_car.gd" time="0.059757" >
      </testcase>
      <testcase name="test_negative_front_downforce_lifts_front_axle_at_speed" assertions="2" status="pass" classname="tests/headless/test_car.gd" time="0.061182" >
      </testcase>
      <testcase name="test_downforce_inert_at_standstill" assertions="1" status="pass" classname="tests/headless/test_car.gd" time="0.056743" >
      </testcase>
      <testcase name="test_retune_on_a_live_settled_car_keeps_it_grounded" assertions="3" status="pass" classname="tests/headless/test_car.gd" time="0.142104" >
      </testcase>
      <testcase name="test_apply_car_sets_downforce_from_spec_overwriting_stale" assertions="2" status="pass" classname="tests/headless/test_car.gd" time="0.080711" >
      </testcase>
      <testcase name="test_apply_car_seeds_brake_bias_from_spec_else_keeps_config_default" assertions="2" status="pass" classname="tests/headless/test_car.gd" time="0.116389" >
      </testcase>
      <testcase name="test_aero_kit_upgrade_adds_downforce" assertions="3" status="pass" classname="tests/headless/test_car.gd" time="0.085335" >
      </testcase>
      <testcase name="test_level_assist_rights_a_rolled_car" assertions="1" status="pass" classname="tests/headless/test_car.gd" time="0.066856" >
      </testcase>
      <testcase name="test_level_assist_rights_a_pitched_car" assertions="1" status="pass" classname="tests/headless/test_car.gd" time="0.064057" >
      </testcase>
      <testcase name="test_level_assist_does_not_yaw" assertions="1" status="pass" classname="tests/headless/test_car.gd" time="0.063193" >
      </testcase>
      <testcase name="test_level_assist_scales_with_tilt" assertions="1" status="pass" classname="tests/headless/test_car.gd" time="0.062817" >
      </testcase>
      <testcase name="test_level_assist_quiet_when_planted" assertions="2" status="pass" classname="tests/headless/test_car.gd" time="0.111595" >
      </testcase>
      <testcase name="test_grounded_level_assist_damps_body_roll" assertions="1" status="pass" classname="tests/headless/test_car.gd" time="0.152553" >
      </testcase>
      <testcase name="test_grounded_level_assist_inert_at_zero" assertions="1" status="pass" classname="tests/headless/test_car.gd" time="0.109496" >
      </testcase>
      <testcase name="test_grounded_level_assist_quiet_on_a_settled_car" assertions="3" status="pass" classname="tests/headless/test_car.gd" time="0.109303" >
      </testcase>
      <testcase name="test_car_has_damage_model_and_contact_monitor" assertions="3" status="pass" classname="tests/headless/test_car.gd" time="0.046907" >
      </testcase>
      <testcase name="test_engine_misfire_level_tracks_damage" assertions="2" status="pass" classname="tests/headless/test_car.gd" time="0.048481" >
      </testcase>
      <testcase name="test_head_on_collision_costs_hp" assertions="2" status="pass" classname="tests/headless/test_car.gd" time="0.093281" >
      </testcase>
      <testcase name="test_no_damage_accumulates_while_held_and_revving" assertions="2" status="pass" classname="tests/headless/test_car.gd" time="0.079931" >
      </testcase>
      <testcase name="test_bent_front_wheels_veer_the_car_via_physics" assertions="3" status="pass" classname="tests/headless/test_car.gd" time="0.137084" >
      </testcase>
      <testcase name="test_wheels_use_the_specs_own_wheel_texture" assertions="3" status="pass" classname="tests/headless/test_car.gd" time="0.081401" >
      </testcase>
      <testcase name="test_modelless_car_gets_blank_wheel_texture" assertions="2" status="pass" classname="tests/headless/test_car.gd" time="0.081643" >
      </testcase>
      <testcase name="test_apply_car_sets_custom_center_of_mass_from_weight_front" assertions="12" status="pass" classname="tests/headless/test_car.gd" time="0.234675" >
      </testcase>
      <testcase name="test_nose_heavy_car_sits_com_forward_of_tail_heavy" assertions="1" status="pass" classname="tests/headless/test_car.gd" time="0.140697" >
      </testcase>
      <testcase name="test_nose_heavy_car_settles_level_not_drooping" assertions="2" status="pass" classname="tests/headless/test_car.gd" time="0.131598" >
      </testcase>
      <testcase name="test_axle_rate_splits_toward_the_heavier_axle" assertions="3" status="pass" classname="tests/headless/test_car.gd" time="0.046928" >
      </testcase>
      <testcase name="test_engine_swap_reshapes_mass_and_torque" assertions="3" status="pass" classname="tests/headless/test_car.gd" time="0.108683" >
      </testcase>
      <testcase name="test_engine_swap_brings_its_transmission" assertions="3" status="pass" classname="tests/headless/test_car.gd" time="0.108489" >
      </testcase>
      <testcase name="test_stock_car_is_unaffected_by_the_swap_step" assertions="1" status="pass" classname="tests/headless/test_car.gd" time="0.08333" >
      </testcase>
  </testsuite>
  <testsuite name="tests/headless/test_car_fixtures.gd" tests="5" failures="0" skipped="0" time="0.000686" >
      <testcase name="test_fixtures_install_swaps_both_catalogues" assertions="3" status="pass" classname="tests/headless/test_car_fixtures.gd" time="0.000213" >
      </testcase>
      <testcase name="test_fixture_cars_reference_fixture_engines" assertions="4" status="pass" classname="tests/headless/test_car_fixtures.gd" time="0.000127" >
      </testcase>
      <testcase name="test_fixtures_cover_all_drive_modes" assertions="1" status="pass" classname="tests/headless/test_car_fixtures.gd" time="0.000112" >
      </testcase>
      <testcase name="test_restore_is_idempotent_without_install" assertions="1" status="pass" classname="tests/headless/test_car_fixtures.gd" time="0.000082" >
      </testcase>
      <testcase name="test_each_call_returns_a_fresh_copy" assertions="1" status="pass" classname="tests/headless/test_car_fixtures.gd" time="0.000152" >
      </testcase>
  </testsuite>
  <testsuite name="tests/headless/test_car_library.gd" tests="17" failures="0" skipped="0" time="19.512764" >
      <testcase name="test_library_has_a_range_of_cars" assertions="2" status="pass" classname="tests/headless/test_car_library.gd" time="1.056087" >
      </testcase>
      <testcase name="test_each_spec_is_sane" assertions="225" status="pass" classname="tests/headless/test_car_library.gd" time="1.062294" >
      </testcase>
      <testcase name="test_car_ids_are_unique_and_stable_lookups_work" assertions="29" status="pass" classname="tests/headless/test_car_library.gd" time="1.058193" >
      </testcase>
      <testcase name="test_max_lateral_g_returns_compound_at_reference_load" assertions="1" status="pass" classname="tests/headless/test_car_library.gd" time="1.052397" >
      </testcase>
      <testcase name="test_max_lateral_g_scales_with_compound" assertions="1" status="pass" classname="tests/headless/test_car_library.gd" time="1.050472" >
      </testcase>
      <testcase name="test_max_lateral_g_drops_with_mass_and_recovers_with_width" assertions="2" status="pass" classname="tests/headless/test_car_library.gd" time="1.05172" >
      </testcase>
      <testcase name="test_horsepower_is_consistent_with_power_to_weight" assertions="2" status="pass" classname="tests/headless/test_car_library.gd" time="1.053985" >
      </testcase>
      <testcase name="test_horsepower_scales_with_torque" assertions="1" status="pass" classname="tests/headless/test_car_library.gd" time="1.058478" >
      </testcase>
      <testcase name="test_tire_load_factor_is_neutral_when_sensitivity_is_zero" assertions="3" status="pass" classname="tests/headless/test_car_library.gd" time="1.054126" >
      </testcase>
      <testcase name="test_main_boots_as_first_car" assertions="3" status="pass" classname="tests/headless/test_car_library.gd" time="1.058329" >
      </testcase>
      <testcase name="test_apply_car_overlays_dimensions_mass_engine_and_drive" assertions="30" status="pass" classname="tests/headless/test_car_library.gd" time="1.217432" >
      </testcase>
      <testcase name="test_apply_owned_weight_reduction_relightens_the_rigidbody" assertions="2" status="pass" classname="tests/headless/test_car_library.gd" time="1.118751" >
      </testcase>
      <testcase name="test_apply_owned_applies_drivetrain_override" assertions="1" status="pass" classname="tests/headless/test_car_library.gd" time="1.111684" >
      </testcase>
      <testcase name="test_apply_owned_ignores_override_without_kit" assertions="1" status="pass" classname="tests/headless/test_car_library.gd" time="1.111613" >
      </testcase>
      <testcase name="test_cycle_car_advances_and_wraps" assertions="7" status="pass" classname="tests/headless/test_car_library.gd" time="1.562789" >
      </testcase>
      <testcase name="test_mx5_renders_the_authored_model_others_render_boxes" assertions="31" status="pass" classname="tests/headless/test_car_library.gd" time="1.122854" >
      </testcase>
      <testcase name="test_model_car_collision_hull_matches_its_body" assertions="181" status="pass" classname="tests/headless/test_car_library.gd" time="1.71156" >
      </testcase>
  </testsuite>
  <testsuite name="tests/headless/test_car_list.gd" tests="9" failures="0" skipped="0" time="0.001469" >
      <testcase name="test_empty_list_is_inert" assertions="6" status="pass" classname="tests/headless/test_car_list.gd" time="0.000274" >
      </testcase>
      <testcase name="test_single_page_wraps_within_itself" assertions="11" status="pass" classname="tests/headless/test_car_list.gd" time="0.000184" >
      </testcase>
      <testcase name="test_multi_page_flips_pages_at_boundaries" assertions="14" status="pass" classname="tests/headless/test_car_list.gd" time="0.000242" >
      </testcase>
      <testcase name="test_global_wrap_across_all_pages" assertions="6" status="pass" classname="tests/headless/test_car_list.gd" time="0.000135" >
      </testcase>
      <testcase name="test_setup_seats_on_a_given_start_index" assertions="4" status="pass" classname="tests/headless/test_car_list.gd" time="0.00013" >
      </testcase>
      <testcase name="test_page_size_one_makes_every_item_its_own_page" assertions="8" status="pass" classname="tests/headless/test_car_list.gd" time="0.000137" >
      </testcase>
      <testcase name="test_multi_step_advance_crosses_pages" assertions="6" status="pass" classname="tests/headless/test_car_list.gd" time="0.000144" >
      </testcase>
      <testcase name="test_setup_start_out_of_range_wraps" assertions="2" status="pass" classname="tests/headless/test_car_list.gd" time="0.000111" >
      </testcase>
      <testcase name="test_focus_local_moves_within_page_only" assertions="3" status="pass" classname="tests/headless/test_car_list.gd" time="0.000112" >
      </testcase>
  </testsuite>
  <testsuite name="tests/headless/test_car_preview_audio.gd" tests="4" failures="0" skipped="0" time="0.215397" >
      <testcase name="test_hold_phase_drives_full_throttle_and_climbs_revs" assertions="2" status="pass" classname="tests/headless/test_car_preview_audio.gd" time="0.044669" >
      </testcase>
      <testcase name="test_release_falls_back_to_idle_and_ends" assertions="3" status="pass" classname="tests/headless/test_car_preview_audio.gd" time="0.046379" >
      </testcase>
      <testcase name="test_new_rev_cancels_the_previous_one" assertions="4" status="pass" classname="tests/headless/test_car_preview_audio.gd" time="0.124078" >
      </testcase>
      <testcase name="test_unknown_engine_id_is_a_no_op" assertions="1" status="pass" classname="tests/headless/test_car_preview_audio.gd" time="0.000271" >
      </testcase>
  </testsuite>
  <testsuite name="tests/headless/test_car_prop_prune.gd" tests="2" failures="0" skipped="0" time="0.186886" >
      <testcase name="test_a_display_prop_keeps_only_its_active_body" assertions="2" status="pass" classname="tests/headless/test_car_prop_prune.gd" time="0.094587" >
      </testcase>
      <testcase name="test_opting_out_of_pruning_keeps_every_body" assertions="1" status="pass" classname="tests/headless/test_car_prop_prune.gd" time="0.092299" >
      </testcase>
  </testsuite>
  <testsuite name="tests/headless/test_car_terrain.gd" tests="4" failures="0" skipped="0" time="5.596239" >
      <testcase name="test_car_settles_on_terrain" assertions="2" status="pass" classname="tests/headless/test_car_terrain.gd" time="1.231789" >
      </testcase>
      <testcase name="test_world_border_catches_car_beyond_terrain" assertions="2" status="pass" classname="tests/headless/test_car_terrain.gd" time="1.913113" >
      </testcase>
      <testcase name="test_initial_ring_is_built_from_the_cache_not_on_demand" assertions="50" status="pass" classname="tests/headless/test_car_terrain.gd" time="1.224038" >
      </testcase>
      <testcase name="test_car_is_handed_back_to_physics_after_generation" assertions="1" status="pass" classname="tests/headless/test_car_terrain.gd" time="1.227299" >
      </testcase>
  </testsuite>
  <testsuite name="tests/headless/test_car_types.gd" tests="14" failures="0" skipped="0" time="15.674619" >
      <testcase name="test_every_car_places_its_wheels_at_track_and_wheelbase" assertions="72" status="pass" classname="tests/headless/test_car_types.gd" time="1.269495" >
      </testcase>
      <testcase name="test_apply_car_on_a_second_instance_does_not_resize_the_first" assertions="9" status="pass" classname="tests/headless/test_car_types.gd" time="0.231711" >
      </testcase>
      <testcase name="test_apply_body_on_a_second_instance_does_not_resize_the_first_hitbox" assertions="2" status="pass" classname="tests/headless/test_car_types.gd" time="0.092949" >
      </testcase>
      <testcase name="test_chassis_hull_is_a_symmetric_chamfered_octagon" assertions="52" status="pass" classname="tests/headless/test_car_types.gd" time="0.048119" >
      </testcase>
      <testcase name="test_chassis_hull_clamps_an_extreme_chamfer" assertions="17" status="pass" classname="tests/headless/test_car_types.gd" time="0.047516" >
      </testcase>
      <testcase name="test_every_car_sits_on_the_ground" assertions="9" status="pass" classname="tests/headless/test_car_types.gd" time="1.738035" >
      </testcase>
      <testcase name="test_every_car_suspension_absorbs_a_one_metre_drop" assertions="9" status="pass" classname="tests/headless/test_car_types.gd" time="1.663698" >
      </testcase>
      <testcase name="test_every_car_stays_upright_while_cornering" assertions="9" status="pass" classname="tests/headless/test_car_types.gd" time="2.474262" >
      </testcase>
      <testcase name="test_every_car_drives_forward" assertions="9" status="pass" classname="tests/headless/test_car_types.gd" time="1.73884" >
      </testcase>
      <testcase name="test_every_car_applies_its_own_shift_time" assertions="9" status="pass" classname="tests/headless/test_car_types.gd" time="1.266899" >
      </testcase>
      <testcase name="test_every_car_applies_its_own_suspension" assertions="198" status="pass" classname="tests/headless/test_car_types.gd" time="1.270177" >
      </testcase>
      <testcase name="test_every_car_applies_its_own_engine_volume" assertions="9" status="pass" classname="tests/headless/test_car_types.gd" time="1.271397" >
      </testcase>
      <testcase name="test_every_car_applies_its_own_noise_level" assertions="9" status="pass" classname="tests/headless/test_car_types.gd" time="1.290597" >
      </testcase>
      <testcase name="test_every_car_applies_its_own_soft_clip_post_gain" assertions="9" status="pass" classname="tests/headless/test_car_types.gd" time="1.270924" >
      </testcase>
  </testsuite>
  <testsuite name="tests/headless/test_car_water.gd" tests="1" failures="0" skipped="0" time="1.096582" >
      <testcase name="test_drag_applied_in_water_and_recoverable" assertions="2" status="pass" classname="tests/headless/test_car_water.gd" time="1.096582" >
      </testcase>
  </testsuite>
  <testsuite name="tests/headless/test_catalogue_seam.gd" tests="13" failures="0" skipped="0" time="0.001531" >
      <testcase name="test_car_override_replaces_the_active_catalogue" assertions="3" status="pass" classname="tests/headless/test_catalogue_seam.gd" time="0.000186" >
      </testcase>
      <testcase name="test_car_reset_restores_the_real_catalogue" assertions="2" status="pass" classname="tests/headless/test_catalogue_seam.gd" time="0.000109" >
      </testcase>
      <testcase name="test_car_empty_override_falls_back_to_real" assertions="1" status="pass" classname="tests/headless/test_catalogue_seam.gd" time="0.000077" >
      </testcase>
      <testcase name="test_engine_override_replaces_the_active_catalogue" assertions="3" status="pass" classname="tests/headless/test_catalogue_seam.gd" time="0.000118" >
      </testcase>
      <testcase name="test_engine_reset_restores_the_real_catalogue" assertions="2" status="pass" classname="tests/headless/test_catalogue_seam.gd" time="0.000097" >
      </testcase>
      <testcase name="test_rally_override_replaces_the_active_catalogue" assertions="3" status="pass" classname="tests/headless/test_catalogue_seam.gd" time="0.000114" >
      </testcase>
      <testcase name="test_rally_reset_restores_the_real_catalogue" assertions="2" status="pass" classname="tests/headless/test_catalogue_seam.gd" time="0.000096" >
      </testcase>
      <testcase name="test_rally_empty_override_falls_back_to_real" assertions="1" status="pass" classname="tests/headless/test_catalogue_seam.gd" time="0.000068" >
      </testcase>
      <testcase name="test_upgrade_override_replaces_the_active_catalogue" assertions="2" status="pass" classname="tests/headless/test_catalogue_seam.gd" time="0.000096" >
      </testcase>
      <testcase name="test_upgrade_reset_restores_the_real_catalogue" assertions="2" status="pass" classname="tests/headless/test_catalogue_seam.gd" time="0.000159" >
      </testcase>
      <testcase name="test_upgrade_empty_override_falls_back_to_real" assertions="1" status="pass" classname="tests/headless/test_catalogue_seam.gd" time="0.000077" >
      </testcase>
      <testcase name="test_region_override_replaces_the_active_catalogue" assertions="2" status="pass" classname="tests/headless/test_catalogue_seam.gd" time="0.000098" >
      </testcase>
      <testcase name="test_region_reset_restores_the_real_catalogue" assertions="2" status="pass" classname="tests/headless/test_catalogue_seam.gd" time="0.000236" >
      </testcase>
  </testsuite>
  <testsuite name="tests/headless/test_centerline_table.gd" tests="6" failures="0" skipped="0" time="0.012235" >
      <testcase name="test_table_lookup_agrees_with_sample_baked_along_the_whole_curve" assertions="2" status="pass" classname="tests/headless/test_centerline_table.gd" time="0.001336" >
      </testcase>
      <testcase name="test_lookup_stays_close_even_on_a_hard_cornered_curve" assertions="1" status="pass" classname="tests/headless/test_centerline_table.gd" time="0.000216" >
      </testcase>
      <testcase name="test_lookup_interpolates_rather_than_snapping_to_the_table" assertions="2" status="pass" classname="tests/headless/test_centerline_table.gd" time="0.000096" >
      </testcase>
      <testcase name="test_endpoints_and_out_of_range_offsets_clamp_to_the_curve" assertions="4" status="pass" classname="tests/headless/test_centerline_table.gd" time="0.000281" >
      </testcase>
      <testcase name="test_repeated_and_interleaved_requests_return_equivalent_tables" assertions="3" status="pass" classname="tests/headless/test_centerline_table.gd" time="0.01014" >
      </testcase>
      <testcase name="test_degenerate_curve_does_not_crash" assertions="4" status="pass" classname="tests/headless/test_centerline_table.gd" time="0.000166" >
      </testcase>
  </testsuite>
  <testsuite name="tests/headless/test_chase_camera_aim.gd" tests="5" failures="0" skipped="0" time="0.000541" >
      <testcase name="test_aim_sits_ahead_of_the_body_origin_along_the_facing" assertions="2" status="pass" classname="tests/headless/test_chase_camera_aim.gd" time="0.000134" >
      </testcase>
      <testcase name="test_aim_follows_the_cars_yaw_not_the_world_axes" assertions="3" status="pass" classname="tests/headless/test_chase_camera_aim.gd" time="0.000106" >
      </testcase>
      <testcase name="test_zero_ratio_aims_at_the_body_origin" assertions="1" status="pass" classname="tests/headless/test_chase_camera_aim.gd" time="0.00009" >
      </testcase>
      <testcase name="test_target_without_half_length_aims_at_its_origin" assertions="1" status="pass" classname="tests/headless/test_chase_camera_aim.gd" time="0.000096" >
      </testcase>
      <testcase name="test_look_at_points_the_camera_at_the_aim_not_the_origin" assertions="2" status="pass" classname="tests/headless/test_chase_camera_aim.gd" time="0.000115" >
      </testcase>
  </testsuite>
  <testsuite name="tests/headless/test_chase_camera_fov.gd" tests="7" failures="0" skipped="0" time="0.016268" >
      <testcase name="test_faster_widens_fov" assertions="1" status="pass" classname="tests/headless/test_chase_camera_fov.gd" time="0.002784" >
      </testcase>
      <testcase name="test_standstill_settles_to_base_fov" assertions="1" status="pass" classname="tests/headless/test_chase_camera_fov.gd" time="0.001422" >
      </testcase>
      <testcase name="test_camera_stays_above_the_water_surface" assertions="1" status="pass" classname="tests/headless/test_chase_camera_fov.gd" time="0.00156" >
      </testcase>
      <testcase name="test_full_dolly_holds_apparent_size" assertions="1" status="pass" classname="tests/headless/test_chase_camera_fov.gd" time="0.003012" >
      </testcase>
      <testcase name="test_zero_mix_leaves_distance_unchanged" assertions="1" status="pass" classname="tests/headless/test_chase_camera_fov.gd" time="0.002812" >
      </testcase>
      <testcase name="test_half_length_pushes_camera_back" assertions="1" status="pass" classname="tests/headless/test_chase_camera_fov.gd" time="0.001715" >
      </testcase>
      <testcase name="test_more_mix_pulls_camera_closer" assertions="1" status="pass" classname="tests/headless/test_chase_camera_fov.gd" time="0.002963" >
      </testcase>
  </testsuite>
  <testsuite name="tests/headless/test_chase_camera_tilt.gd" tests="4" failures="0" skipped="0" time="0.012743" >
      <testcase name="test_rightward_accel_rolls_one_way" assertions="2" status="pass" classname="tests/headless/test_chase_camera_tilt.gd" time="0.001718" >
      </testcase>
      <testcase name="test_throttle_and_brake_pitch_opposite_ways" assertions="2" status="pass" classname="tests/headless/test_chase_camera_tilt.gd" time="0.001781" >
      </testcase>
      <testcase name="test_tilt_is_clamped_to_max" assertions="2" status="pass" classname="tests/headless/test_chase_camera_tilt.gd" time="0.001313" >
      </testcase>
      <testcase name="test_tilt_decays_to_level_when_g_forces_drop" assertions="3" status="pass" classname="tests/headless/test_chase_camera_tilt.gd" time="0.007931" >
      </testcase>
  </testsuite>
  <testsuite name="tests/headless/test_chunk_border_debug.gd" tests="3" failures="0" skipped="0" time="0.003739" >
      <testcase name="test_hidden_rebuild_draws_nothing" assertions="1" status="pass" classname="tests/headless/test_chunk_border_debug.gd" time="0.000744" >
      </testcase>
      <testcase name="test_visible_geometry_scales_with_chunk_count" assertions="2" status="pass" classname="tests/headless/test_chunk_border_debug.gd" time="0.001134" >
      </testcase>
      <testcase name="test_colour_encodes_ring_role" assertions="178" status="pass" classname="tests/headless/test_chunk_border_debug.gd" time="0.001861" >
      </testcase>
  </testsuite>
  <testsuite name="tests/headless/test_config_applied.gd" tests="12" failures="0" skipped="0" time="0.004392" >
      <testcase name="test_road_tile_per_meter_present" assertions="1" status="pass" classname="tests/headless/test_config_applied.gd" time="0.000273" >
      </testcase>
      <testcase name="test_bonnet_camera_config_present" assertions="3" status="pass" classname="tests/headless/test_config_applied.gd" time="0.001089" >
      </testcase>
      <testcase name="test_target_fps_for_selects_by_platform" assertions="4" status="pass" classname="tests/headless/test_config_applied.gd" time="0.000226" >
      </testcase>
      <testcase name="test_render_distance_for_selects_by_platform" assertions="4" status="pass" classname="tests/headless/test_config_applied.gd" time="0.000182" >
      </testcase>
      <testcase name="test_terrain_lod_bands_for_selects_by_platform" assertions="4" status="pass" classname="tests/headless/test_config_applied.gd" time="0.000219" >
      </testcase>
      <testcase name="test_target_fps_for_passes_through_uncapped" assertions="4" status="pass" classname="tests/headless/test_config_applied.gd" time="0.000174" >
      </testcase>
      <testcase name="test_config_resource_loads" assertions="17" status="pass" classname="tests/headless/test_config_applied.gd" time="0.001046" >
      </testcase>
      <testcase name="test_car_values_applied" assertions="29" status="pass" classname="tests/headless/test_config_applied.gd" time="0.00031" >
      </testcase>
      <testcase name="test_world_values_applied" assertions="21" status="pass" classname="tests/headless/test_config_applied.gd" time="0.000465" >
      </testcase>
      <testcase name="test_speed_lines_config_defaults_present" assertions="5" status="pass" classname="tests/headless/test_config_applied.gd" time="0.000163" >
      </testcase>
      <testcase name="test_track_config_defaults_present" assertions="3" status="pass" classname="tests/headless/test_config_applied.gd" time="0.000131" >
      </testcase>
      <testcase name="test_track_transition_cells_default" assertions="1" status="pass" classname="tests/headless/test_config_applied.gd" time="0.000114" >
      </testcase>
  </testsuite>
  <testsuite name="tests/headless/test_config_isolation.gd" tests="3" failures="0" skipped="0" time="0.348224" >
      <testcase name="test_active_car_uses_shared_global_config" assertions="1" status="pass" classname="tests/headless/test_config_isolation.gd" time="0.048316" >
      </testcase>
      <testcase name="test_isolated_config_is_a_separate_object" assertions="2" status="pass" classname="tests/headless/test_config_isolation.gd" time="0.049543" >
      </testcase>
      <testcase name="test_prop_apply_does_not_clobber_active_cars_engine" assertions="3" status="pass" classname="tests/headless/test_config_isolation.gd" time="0.250365" >
      </testcase>
  </testsuite>
  <testsuite name="tests/headless/test_confirm_popup.gd" tests="4" failures="0" skipped="0" time="0.00321" >
      <testcase name="test_open_builds_one_button_per_action" assertions="1" status="pass" classname="tests/headless/test_confirm_popup.gd" time="0.000782" >
      </testcase>
      <testcase name="test_pressing_action_fires_its_callback_and_dismisses" assertions="2" status="pass" classname="tests/headless/test_confirm_popup.gd" time="0.001149" >
      </testcase>
      <testcase name="test_disabled_action_button_is_disabled" assertions="1" status="pass" classname="tests/headless/test_confirm_popup.gd" time="0.00066" >
      </testcase>
      <testcase name="test_back_index_defaults_to_last_action" assertions="1" status="pass" classname="tests/headless/test_confirm_popup.gd" time="0.000619" >
      </testcase>
  </testsuite>
  <testsuite name="tests/headless/test_corner_library.gd" tests="5" failures="0" skipped="0" time="0.003374" >
      <testcase name="test_library_has_the_expected_corners" assertions="10" status="pass" classname="tests/headless/test_corner_library.gd" time="0.000121" >
      </testcase>
      <testcase name="test_build_curve_produces_a_usable_curve_for_every_corner" assertions="27" status="pass" classname="tests/headless/test_corner_library.gd" time="0.000403" >
      </testcase>
      <testcase name="test_first_point_is_at_origin" assertions="9" status="pass" classname="tests/headless/test_corner_library.gd" time="0.000297" >
      </testcase>
      <testcase name="test_documented_shape_semantics" assertions="9" status="pass" classname="tests/headless/test_corner_library.gd" time="0.00016" >
      </testcase>
      <testcase name="test_catalog_scene_makes_one_label_per_corner" assertions="2" status="pass" classname="tests/headless/test_corner_library.gd" time="0.002393" >
      </testcase>
  </testsuite>
  <testsuite name="tests/headless/test_cpu_particle_pool.gd" tests="6" failures="0" skipped="0" time="0.000775" >
      <testcase name="test_starts_empty_and_sized" assertions="2" status="pass" classname="tests/headless/test_cpu_particle_pool.gd" time="0.000213" >
      </testcase>
      <testcase name="test_emit_grows_live_count" assertions="1" status="pass" classname="tests/headless/test_cpu_particle_pool.gd" time="0.000118" >
      </testcase>
      <testcase name="test_ring_buffer_caps_live_at_max" assertions="1" status="pass" classname="tests/headless/test_cpu_particle_pool.gd" time="0.00011" >
      </testcase>
      <testcase name="test_reusing_a_dead_slot_does_not_double_count" assertions="2" status="pass" classname="tests/headless/test_cpu_particle_pool.gd" time="0.000115" >
      </testcase>
      <testcase name="test_clear_empties_the_pool" assertions="1" status="pass" classname="tests/headless/test_cpu_particle_pool.gd" time="0.000097" >
      </testcase>
      <testcase name="test_warm_up_draws_one_then_clears" assertions="2" status="pass" classname="tests/headless/test_cpu_particle_pool.gd" time="0.000122" >
      </testcase>
  </testsuite>
  <testsuite name="tests/headless/test_damage_model.gd" tests="22" failures="0" skipped="0" time="0.058053" >
      <testcase name="test_hp_loss_is_zero_at_rest_and_positive_above" assertions="2" status="pass" classname="tests/headless/test_damage_model.gd" time="0.003055" >
      </testcase>
      <testcase name="test_hp_loss_grows_with_square_of_speed" assertions="3" status="pass" classname="tests/headless/test_damage_model.gd" time="0.003316" >
      </testcase>
      <testcase name="test_below_threshold_g_costs_nothing" assertions="2" status="pass" classname="tests/headless/test_damage_model.gd" time="0.002425" >
      </testcase>
      <testcase name="test_above_threshold_costs_hp_and_emits" assertions="5" status="pass" classname="tests/headless/test_damage_model.gd" time="0.002401" >
      </testcase>
      <testcase name="test_full_arrest_matches_capped_square_law" assertions="1" status="pass" classname="tests/headless/test_damage_model.gd" time="0.002268" >
      </testcase>
      <testcase name="test_single_spike_is_capped_and_cannot_wreck" assertions="3" status="pass" classname="tests/headless/test_damage_model.gd" time="0.002292" >
      </testcase>
      <testcase name="test_stopped_car_self_limits_without_a_cooldown" assertions="1" status="pass" classname="tests/headless/test_damage_model.gd" time="0.002859" >
      </testcase>
      <testcase name="test_repeated_spikes_accumulate_and_wreck" assertions="2" status="pass" classname="tests/headless/test_damage_model.gd" time="0.002565" >
      </testcase>
      <testcase name="test_soft_drag_deceleration_deals_small_damage" assertions="2" status="pass" classname="tests/headless/test_damage_model.gd" time="0.002276" >
      </testcase>
      <testcase name="test_damage_fraction_tracks_hp" assertions="3" status="pass" classname="tests/headless/test_damage_model.gd" time="0.002249" >
      </testcase>
      <testcase name="test_misfire_level_zero_above_threshold_then_ramps" assertions="5" status="pass" classname="tests/headless/test_damage_model.gd" time="0.002987" >
      </testcase>
      <testcase name="test_field_loads_persisted_wheel_toe" assertions="1" status="pass" classname="tests/headless/test_damage_model.gd" time="0.003007" >
      </testcase>
      <testcase name="test_field_missing_toe_fields_straight" assertions="1" status="pass" classname="tests/headless/test_damage_model.gd" time="0.002558" >
      </testcase>
      <testcase name="test_nudge_bends_every_wheel_within_clamp" assertions="5" status="pass" classname="tests/headless/test_damage_model.gd" time="0.002335" >
      </testcase>
      <testcase name="test_nudge_zero_strength_is_noop" assertions="1" status="pass" classname="tests/headless/test_damage_model.gd" time="0.002726" >
      </testcase>
      <testcase name="test_nudge_always_clamped_over_many_hits" assertions="4" status="pass" classname="tests/headless/test_damage_model.gd" time="0.002423" >
      </testcase>
      <testcase name="test_reset_wheel_toe_straightens" assertions="1" status="pass" classname="tests/headless/test_damage_model.gd" time="0.002835" >
      </testcase>
      <testcase name="test_deceleration_bends_wheels" assertions="2" status="pass" classname="tests/headless/test_damage_model.gd" time="0.002472" >
      </testcase>
      <testcase name="test_unbound_wreck_emits_without_touching_save" assertions="3" status="pass" classname="tests/headless/test_damage_model.gd" time="0.002525" >
      </testcase>
      <testcase name="test_bound_wreck_zeroes_hp_keeping_car_and_upgrades" assertions="6" status="pass" classname="tests/headless/test_damage_model.gd" time="0.002862" >
      </testcase>
      <testcase name="test_every_car_takes_damage_and_can_wreck" assertions="5" status="pass" classname="tests/headless/test_damage_model.gd" time="0.002537" >
      </testcase>
      <testcase name="test_event_boundary_writeback_round_trips" assertions="1" status="pass" classname="tests/headless/test_damage_model.gd" time="0.00308" >
      </testcase>
  </testsuite>
  <testsuite name="tests/headless/test_debug_arrows.gd" tests="6" failures="0" skipped="0" time="0.496334" >
      <testcase name="test_wheel_force_arrows_drawn_when_grounded" assertions="5" status="pass" classname="tests/headless/test_debug_arrows.gd" time="0.067779" >
      </testcase>
      <testcase name="test_collision_box_shown_and_transparent_with_arrows" assertions="10" status="pass" classname="tests/headless/test_debug_arrows.gd" time="0.103768" >
      </testcase>
      <testcase name="test_car_body_hidden_while_overlay_shown" assertions="6" status="pass" classname="tests/headless/test_debug_arrows.gd" time="0.104409" >
      </testcase>
      <testcase name="test_downforce_arrows_drawn_at_speed" assertions="3" status="pass" classname="tests/headless/test_debug_arrows.gd" time="0.069914" >
      </testcase>
      <testcase name="test_assist_arrow_reflects_combined_yaw_assist" assertions="4" status="pass" classname="tests/headless/test_debug_arrows.gd" time="0.094122" >
      </testcase>
      <testcase name="test_h_key_toggles_arrows" assertions="2" status="pass" classname="tests/headless/test_debug_arrows.gd" time="0.056342" >
      </testcase>
  </testsuite>
  <testsuite name="tests/headless/test_display_stretch.gd" tests="15" failures="0" skipped="0" time="0.003253" >
      <testcase name="test_stretches_horizontal_by_the_factor" assertions="4" status="pass" classname="tests/headless/test_display_stretch.gd" time="0.000123" >
      </testcase>
      <testcase name="test_height_is_never_distorted" assertions="1" status="pass" classname="tests/headless/test_display_stretch.gd" time="0.000081" >
      </testcase>
      <testcase name="test_factor_one_is_a_no_op" assertions="1" status="pass" classname="tests/headless/test_display_stretch.gd" time="0.000068" >
      </testcase>
      <testcase name="test_wider_devices_still_reveal_more_width" assertions="1" status="pass" classname="tests/headless/test_display_stretch.gd" time="0.000058" >
      </testcase>
      <testcase name="test_degenerate_inputs_are_safe" assertions="2" status="pass" classname="tests/headless/test_display_stretch.gd" time="0.000061" >
      </testcase>
      <testcase name="test_config_carries_the_authored_stretch" assertions="1" status="pass" classname="tests/headless/test_display_stretch.gd" time="0.000984" >
      </testcase>
      <testcase name="test_benchmark_swaps_portrait_to_landscape" assertions="1" status="pass" classname="tests/headless/test_display_stretch.gd" time="0.000087" >
      </testcase>
      <testcase name="test_benchmark_leaves_landscape_untouched" assertions="1" status="pass" classname="tests/headless/test_display_stretch.gd" time="0.000074" >
      </testcase>
      <testcase name="test_non_benchmark_never_swaps" assertions="1" status="pass" classname="tests/headless/test_display_stretch.gd" time="0.000076" >
      </testcase>
      <testcase name="test_web_touch_takes_the_low_resolution_tier" assertions="1" status="pass" classname="tests/headless/test_display_stretch.gd" time="0.00013" >
      </testcase>
      <testcase name="test_every_other_target_keeps_the_base_height" assertions="3" status="pass" classname="tests/headless/test_display_stretch.gd" time="0.000156" >
      </testcase>
      <testcase name="test_low_tier_is_not_higher_than_the_base" assertions="2" status="pass" classname="tests/headless/test_display_stretch.gd" time="0.000895" >
      </testcase>
      <testcase name="test_virtual_resolution_stays_in_proportion" assertions="3" status="pass" classname="tests/headless/test_display_stretch.gd" time="0.000139" >
      </testcase>
      <testcase name="test_virtual_resolution_untouched_off_the_low_tier" assertions="3" status="pass" classname="tests/headless/test_display_stretch.gd" time="0.000189" >
      </testcase>
      <testcase name="test_zero_base_height_is_safe" assertions="1" status="pass" classname="tests/headless/test_display_stretch.gd" time="0.000132" >
      </testcase>
  </testsuite>
  <testsuite name="tests/headless/test_drive_mode.gd" tests="5" failures="0" skipped="0" time="0.482281" >
      <testcase name="test_default_mode_is_rwd" assertions="1" status="pass" classname="tests/headless/test_drive_mode.gd" time="0.094048" >
      </testcase>
      <testcase name="test_routing_helpers_per_mode" assertions="3" status="pass" classname="tests/headless/test_drive_mode.gd" time="0.093829" >
      </testcase>
      <testcase name="test_fwd_spins_fronts_and_leaves_rear_rolling" assertions="2" status="pass" classname="tests/headless/test_drive_mode.gd" time="0.098726" >
      </testcase>
      <testcase name="test_awd_locks_front_to_rear" assertions="3" status="pass" classname="tests/headless/test_drive_mode.gd" time="0.096788" >
      </testcase>
      <testcase name="test_fwd_locks_front_axle_into_spool" assertions="1" status="pass" classname="tests/headless/test_drive_mode.gd" time="0.09889" >
      </testcase>
  </testsuite>
  <testsuite name="tests/headless/test_drivetrain.gd" tests="12" failures="0" skipped="0" time="1.245136" >
      <testcase name="test_surface_grip_scales_mu_by_surface" assertions="5" status="pass" classname="tests/headless/test_drivetrain.gd" time="0.10398" >
      </testcase>
      <testcase name="test_launch_wheelspin" assertions="2" status="pass" classname="tests/headless/test_drivetrain.gd" time="0.112409" >
      </testcase>
      <testcase name="test_brake_lockup" assertions="2" status="pass" classname="tests/headless/test_drivetrain.gd" time="0.10356" >
      </testcase>
      <testcase name="test_brake_bias_forward_locks_the_front_not_the_rear" assertions="2" status="pass" classname="tests/headless/test_drivetrain.gd" time="0.099111" >
      </testcase>
      <testcase name="test_brake_bias_rearward_locks_the_rear_not_the_front" assertions="2" status="pass" classname="tests/headless/test_drivetrain.gd" time="0.098197" >
      </testcase>
      <testcase name="test_handbrake_locks_rear_only_and_breaks_grip" assertions="3" status="pass" classname="tests/headless/test_drivetrain.gd" time="0.11369" >
      </testcase>
      <testcase name="test_awd_handbrake_locks_rear_only" assertions="2" status="pass" classname="tests/headless/test_drivetrain.gd" time="0.113703" >
      </testcase>
      <testcase name="test_awd_no_handbrake_locks_all_four" assertions="2" status="pass" classname="tests/headless/test_drivetrain.gd" time="0.104876" >
      </testcase>
      <testcase name="test_parking_brake_holds_longitudinally" assertions="1" status="pass" classname="tests/headless/test_drivetrain.gd" time="0.114981" >
      </testcase>
      <testcase name="test_peak_lateral_grip_at_constant_slip_angle" assertions="3" status="pass" classname="tests/headless/test_drivetrain.gd" time="0.092185" >
      </testcase>
      <testcase name="test_surface_tire_params_blend" assertions="8" status="pass" classname="tests/headless/test_drivetrain.gd" time="0.094464" >
      </testcase>
      <testcase name="test_higher_slip_peak_moves_optimum_angle_out" assertions="1" status="pass" classname="tests/headless/test_drivetrain.gd" time="0.09398" >
      </testcase>
  </testsuite>
  <testsuite name="tests/headless/test_engine.gd" tests="12" failures="0" skipped="0" time="1.032771" >
      <testcase name="test_idles_at_rest" assertions="2" status="pass" classname="tests/headless/test_engine.gd" time="0.047019" >
      </testcase>
      <testcase name="test_revs_to_redline_in_first_and_limiter_holds" assertions="3" status="pass" classname="tests/headless/test_engine.gd" time="0.136003" >
      </testcase>
      <testcase name="test_never_drops_below_idle" assertions="60" status="pass" classname="tests/headless/test_engine.gd" time="0.070586" >
      </testcase>
      <testcase name="test_shift_up_changes_gear_and_drops_rpm" assertions="2" status="pass" classname="tests/headless/test_engine.gd" time="0.127212" >
      </testcase>
      <testcase name="test_shift_down_returns_to_first" assertions="1" status="pass" classname="tests/headless/test_engine.gd" time="0.048958" >
      </testcase>
      <testcase name="test_high_gear_launch_bogs_without_wheelspin" assertions="2" status="pass" classname="tests/headless/test_engine.gd" time="0.069336" >
      </testcase>
      <testcase name="test_reverse_engages_at_standstill_and_drives_backwards" assertions="2" status="pass" classname="tests/headless/test_engine.gd" time="0.08933" >
      </testcase>
      <testcase name="test_accelerating_from_reverse_returns_to_first" assertions="1" status="pass" classname="tests/headless/test_engine.gd" time="0.058844" >
      </testcase>
      <testcase name="test_manual_sequential_reaches_neutral_then_reverse" assertions="4" status="pass" classname="tests/headless/test_engine.gd" time="0.056171" >
      </testcase>
      <testcase name="test_neutral_revs_engine_without_driving" assertions="2" status="pass" classname="tests/headless/test_engine.gd" time="0.068046" >
      </testcase>
      <testcase name="test_auto_upshifts_through_the_gears" assertions="1" status="pass" classname="tests/headless/test_engine.gd" time="0.059384" >
      </testcase>
      <testcase name="test_auto_climbs_from_a_standstill_under_power" assertions="1" status="pass" classname="tests/headless/test_engine.gd" time="0.201882" >
      </testcase>
  </testsuite>
  <testsuite name="tests/headless/test_engine_audio.gd" tests="44" failures="0" skipped="0" time="2.58193" >
      <testcase name="test_firing_phases_default_inline4_even" assertions="5" status="pass" classname="tests/headless/test_engine_audio.gd" time="0.000222" >
      </testcase>
      <testcase name="test_firing_phases_empty_falls_back_to_even" assertions="2" status="pass" classname="tests/headless/test_engine_audio.gd" time="0.000158" >
      </testcase>
      <testcase name="test_fill_writes_clamped_non_empty_output" assertions="1025" status="pass" classname="tests/headless/test_engine_audio.gd" time="0.036053" >
      </testcase>
      <testcase name="test_fill_zero_frames_writes_nothing" assertions="1" status="pass" classname="tests/headless/test_engine_audio.gd" time="0.034319" >
      </testcase>
      <testcase name="test_amplitude_rises_with_throttle" assertions="1" status="pass" classname="tests/headless/test_engine_audio.gd" time="0.077441" >
      </testcase>
      <testcase name="test_frequency_rises_with_rpm" assertions="1" status="pass" classname="tests/headless/test_engine_audio.gd" time="0.087326" >
      </testcase>
      <testcase name="test_shift_cut_drops_amplitude" assertions="1" status="pass" classname="tests/headless/test_engine_audio.gd" time="0.077624" >
      </testcase>
      <testcase name="test_shift_cut_stays_audible_like_a_throttle_lift" assertions="1" status="pass" classname="tests/headless/test_engine_audio.gd" time="0.0775" >
      </testcase>
      <testcase name="test_full_low_octave_halves_the_pitch" assertions="2" status="pass" classname="tests/headless/test_engine_audio.gd" time="0.090741" >
      </testcase>
      <testcase name="test_half_low_octave_changes_the_waveform" assertions="1" status="pass" classname="tests/headless/test_engine_audio.gd" time="0.078043" >
      </testcase>
      <testcase name="test_low_octave_mix_zero_is_unchanged" assertions="4096" status="pass" classname="tests/headless/test_engine_audio.gd" time="0.102511" >
      </testcase>
      <testcase name="test_volume_scales_the_cylinder_voice" assertions="1" status="pass" classname="tests/headless/test_engine_audio.gd" time="0.076816" >
      </testcase>
      <testcase name="test_noise_is_independent_of_volume" assertions="1" status="pass" classname="tests/headless/test_engine_audio.gd" time="0.184674" >
      </testcase>
      <testcase name="test_master_volume_scales_the_noise_floor" assertions="1" status="pass" classname="tests/headless/test_engine_audio.gd" time="0.077986" >
      </testcase>
      <testcase name="test_master_volume_mute_silences_everything" assertions="1" status="pass" classname="tests/headless/test_engine_audio.gd" time="0.039026" >
      </testcase>
      <testcase name="test_fuel_cut_ducks_the_firing_voice" assertions="1" status="pass" classname="tests/headless/test_engine_audio.gd" time="0.077129" >
      </testcase>
      <testcase name="test_fuel_cut_is_sharp_despite_slow_smoothing" assertions="1" status="pass" classname="tests/headless/test_engine_audio.gd" time="0.077075" >
      </testcase>
      <testcase name="test_fuel_cut_onset_adds_crackle" assertions="1" status="pass" classname="tests/headless/test_engine_audio.gd" time="0.076915" >
      </testcase>
      <testcase name="test_misfire_cut_ducks_without_crackle" assertions="1" status="pass" classname="tests/headless/test_engine_audio.gd" time="0.076917" >
      </testcase>
      <testcase name="test_no_fuel_cut_leaves_voice_unchanged" assertions="4096" status="pass" classname="tests/headless/test_engine_audio.gd" time="0.103111" >
      </testcase>
      <testcase name="test_wavetable_matches_direct_voice" assertions="1" status="pass" classname="tests/headless/test_engine_audio.gd" time="0.0881" >
      </testcase>
      <testcase name="test_uneven_table_differs_from_even" assertions="1" status="pass" classname="tests/headless/test_engine_audio.gd" time="0.077793" >
      </testcase>
      <testcase name="test_soft_clip_keeps_output_bounded_when_overdriven" assertions="1024" status="pass" classname="tests/headless/test_engine_audio.gd" time="0.035816" >
      </testcase>
      <testcase name="test_soft_clip_curve_rounds_peaks" assertions="3" status="pass" classname="tests/headless/test_engine_audio.gd" time="0.034252" >
      </testcase>
      <testcase name="test_soft_clip_higher_drive_saturates_more" assertions="1" status="pass" classname="tests/headless/test_engine_audio.gd" time="0.068947" >
      </testcase>
      <testcase name="test_soft_clip_post_gain_scales_output" assertions="1" status="pass" classname="tests/headless/test_engine_audio.gd" time="0.067739" >
      </testcase>
      <testcase name="test_dc_blocker_keeps_overdriven_voice_audible" assertions="2" status="pass" classname="tests/headless/test_engine_audio.gd" time="0.042848" >
      </testcase>
      <testcase name="test_whistle_adds_energy_with_boost" assertions="1" status="pass" classname="tests/headless/test_engine_audio.gd" time="0.036813" >
      </testcase>
      <testcase name="test_whistle_pitch_rises_with_shaft_speed" assertions="1" status="pass" classname="tests/headless/test_engine_audio.gd" time="0.078507" >
      </testcase>
      <testcase name="test_bov_event_produces_a_burst" assertions="1" status="pass" classname="tests/headless/test_engine_audio.gd" time="0.036842" >
      </testcase>
      <testcase name="test_bov_burst_scales_with_boost" assertions="1" status="pass" classname="tests/headless/test_engine_audio.gd" time="0.07131" >
      </testcase>
      <testcase name="test_throttle_application_kills_bov_tail" assertions="2" status="pass" classname="tests/headless/test_engine_audio.gd" time="0.036331" >
      </testcase>
      <testcase name="test_bov_tail_survives_throttle_held_during_shift" assertions="1" status="pass" classname="tests/headless/test_engine_audio.gd" time="0.073001" >
      </testcase>
      <testcase name="test_bov_flutter_modulates_the_burst" assertions="2" status="pass" classname="tests/headless/test_engine_audio.gd" time="0.072576" >
      </testcase>
      <testcase name="test_bov_decay_ms_shapes_the_tail" assertions="1" status="pass" classname="tests/headless/test_engine_audio.gd" time="0.07805" >
      </testcase>
      <testcase name="test_supercharger_whine_only_when_enabled" assertions="1" status="pass" classname="tests/headless/test_engine_audio.gd" time="0.070919" >
      </testcase>
      <testcase name="test_attenuation_full_volume_inside_ref_radius" assertions="3" status="pass" classname="tests/headless/test_engine_audio.gd" time="0.00022" >
      </testcase>
      <testcase name="test_attenuation_decreases_beyond_ref_radius" assertions="2" status="pass" classname="tests/headless/test_engine_audio.gd" time="0.000066" >
      </testcase>
      <testcase name="test_attenuation_is_minus_6db_per_doubling" assertions="1" status="pass" classname="tests/headless/test_engine_audio.gd" time="0.000061" >
      </testcase>
      <testcase name="test_attenuation_clamped_at_floor" assertions="1" status="pass" classname="tests/headless/test_engine_audio.gd" time="0.000062" >
      </testcase>
      <testcase name="test_mix_rate_resolver_picks_web_touch_branch_only_on_web_touch" assertions="4" status="pass" classname="tests/headless/test_engine_audio.gd" time="0.000182" >
      </testcase>
      <testcase name="test_synth_output_is_valid_at_a_reduced_mix_rate" assertions="4098" status="pass" classname="tests/headless/test_engine_audio.gd" time="0.091057" >
      </testcase>
      <testcase name="test_noise_table_layers_are_decorrelated" assertions="1" status="pass" classname="tests/headless/test_engine_audio.gd" time="0.068728" >
      </testcase>
      <testcase name="test_inaudible_only_at_the_attenuation_floor" assertions="3" status="pass" classname="tests/headless/test_engine_audio.gd" time="0.000123" >
      </testcase>
  </testsuite>
  <testsuite name="tests/headless/test_engine_library.gd" tests="7" failures="0" skipped="0" time="0.00288" >
      <testcase name="test_catalog_is_a_sane_range_of_engines" assertions="206" status="pass" classname="tests/headless/test_engine_library.gd" time="0.001396" >
      </testcase>
      <testcase name="test_stable_id_lookups" assertions="24" status="pass" classname="tests/headless/test_engine_library.gd" time="0.000473" >
      </testcase>
      <testcase name="test_apply_writes_the_whole_profile_onto_config" assertions="20" status="pass" classname="tests/headless/test_engine_library.gd" time="0.000346" >
      </testcase>
      <testcase name="test_apply_copies_forced_induction_fields" assertions="5" status="pass" classname="tests/headless/test_engine_library.gd" time="0.000246" >
      </testcase>
      <testcase name="test_apply_falls_back_to_the_config_friction_when_omitted" assertions="1" status="pass" classname="tests/headless/test_engine_library.gd" time="0.000138" >
      </testcase>
      <testcase name="test_every_engine_declares_a_non_negative_friction_base" assertions="33" status="pass" classname="tests/headless/test_engine_library.gd" time="0.000128" >
      </testcase>
      <testcase name="test_every_engine_has_a_positive_mass" assertions="33" status="pass" classname="tests/headless/test_engine_library.gd" time="0.000153" >
      </testcase>
  </testsuite>
  <testsuite name="tests/headless/test_engine_logic.gd" tests="13" failures="0" skipped="0" time="0.028459" >
      <testcase name="test_rev_limiter_bounces_within_a_band" assertions="3" status="pass" classname="tests/headless/test_engine_logic.gd" time="0.007951" >
      </testcase>
      <testcase name="test_misfire_rate_zero_when_healthy" assertions="1" status="pass" classname="tests/headless/test_engine_logic.gd" time="0.00128" >
      </testcase>
      <testcase name="test_misfire_rate_positive_and_rises_with_load" assertions="2" status="pass" classname="tests/headless/test_engine_logic.gd" time="0.001128" >
      </testcase>
      <testcase name="test_healthy_engine_never_cuts_over_many_steps" assertions="1" status="pass" classname="tests/headless/test_engine_logic.gd" time="0.001622" >
      </testcase>
      <testcase name="test_misfire_count_advances_only_on_cuts" assertions="3" status="pass" classname="tests/headless/test_engine_logic.gd" time="0.002316" >
      </testcase>
      <testcase name="test_damaged_engine_cuts_fuel_intermittently" assertions="2" status="pass" classname="tests/headless/test_engine_logic.gd" time="0.002599" >
      </testcase>
      <testcase name="test_misfire_kills_crank_torque" assertions="3" status="pass" classname="tests/headless/test_engine_logic.gd" time="0.001509" >
      </testcase>
      <testcase name="test_shift_up_speeds_are_increasing_and_reachable" assertions="12" status="pass" classname="tests/headless/test_engine_logic.gd" time="0.001211" >
      </testcase>
      <testcase name="test_wheelspin_revs_do_not_upshift" assertions="1" status="pass" classname="tests/headless/test_engine_logic.gd" time="0.001102" >
      </testcase>
      <testcase name="test_airspeed_past_shift_point_upshifts" assertions="1" status="pass" classname="tests/headless/test_engine_logic.gd" time="0.001092" >
      </testcase>
      <testcase name="test_engine_braking_grows_with_rpm" assertions="3" status="pass" classname="tests/headless/test_engine_logic.gd" time="0.001142" >
      </testcase>
      <testcase name="test_step_records_throttle" assertions="1" status="pass" classname="tests/headless/test_engine_logic.gd" time="0.001275" >
      </testcase>
      <testcase name="test_handbrake_declutches_so_the_engine_revs" assertions="2" status="pass" classname="tests/headless/test_engine_logic.gd" time="0.004232" >
      </testcase>
  </testsuite>
  <testsuite name="tests/headless/test_engine_smoke.gd" tests="12" failures="0" skipped="0" time="0.036456" >
      <testcase name="test_no_misfire_no_smoke" assertions="1" status="pass" classname="tests/headless/test_engine_smoke.gd" time="0.003207" >
      </testcase>
      <testcase name="test_warm_up_draws_then_clears" assertions="2" status="pass" classname="tests/headless/test_engine_smoke.gd" time="0.003019" >
      </testcase>
      <testcase name="test_a_misfire_puffs_a_burst" assertions="1" status="pass" classname="tests/headless/test_engine_smoke.gd" time="0.003373" >
      </testcase>
      <testcase name="test_puff_emits_from_the_cars_engine_point" assertions="2" status="pass" classname="tests/headless/test_engine_smoke.gd" time="0.003203" >
      </testcase>
      <testcase name="test_no_new_cut_emits_nothing_more" assertions="1" status="pass" classname="tests/headless/test_engine_smoke.gd" time="0.002914" >
      </testcase>
      <testcase name="test_burst_count_capped_per_tick" assertions="1" status="pass" classname="tests/headless/test_engine_smoke.gd" time="0.002758" >
      </testcase>
      <testcase name="test_live_count_never_exceeds_pool_cap" assertions="1" status="pass" classname="tests/headless/test_engine_smoke.gd" time="0.003938" >
      </testcase>
      <testcase name="test_smoke_rises_and_expires" assertions="2" status="pass" classname="tests/headless/test_engine_smoke.gd" time="0.003104" >
      </testcase>
      <testcase name="test_disabled_emits_nothing" assertions="1" status="pass" classname="tests/headless/test_engine_smoke.gd" time="0.00275" >
      </testcase>
      <testcase name="test_synthetic_healthy_never_puffs" assertions="1" status="pass" classname="tests/headless/test_engine_smoke.gd" time="0.002552" >
      </testcase>
      <testcase name="test_synthetic_damaged_puffs_on_the_timer" assertions="2" status="pass" classname="tests/headless/test_engine_smoke.gd" time="0.002522" >
      </testcase>
      <testcase name="test_synthetic_worse_damage_puffs_sooner" assertions="2" status="pass" classname="tests/headless/test_engine_smoke.gd" time="0.003116" >
      </testcase>
  </testsuite>
  <testsuite name="tests/headless/test_engine_swap.gd" tests="9" failures="0" skipped="0" time="0.00138" >
      <testcase name="test_current_engine_id_prefers_swap_then_stock" assertions="3" status="pass" classname="tests/headless/test_engine_swap.gd" time="0.00021" >
      </testcase>
      <testcase name="test_layout_label_uppercases_known_layout" assertions="3" status="pass" classname="tests/headless/test_engine_swap.gd" time="0.000191" >
      </testcase>
      <testcase name="test_display_name_prefixes_layout_only_when_swapped" assertions="2" status="pass" classname="tests/headless/test_engine_swap.gd" time="0.000168" >
      </testcase>
      <testcase name="test_recompute_mass_swaps_the_engine_component" assertions="3" status="pass" classname="tests/headless/test_engine_swap.gd" time="0.000143" >
      </testcase>
      <testcase name="test_recompute_weight_front_moves_cog_by_engine_position" assertions="3" status="pass" classname="tests/headless/test_engine_swap.gd" time="0.000143" >
      </testcase>
      <testcase name="test_can_swap_requires_two_real_cars_regardless_of_health" assertions="4" status="pass" classname="tests/headless/test_engine_swap.gd" time="0.000115" >
      </testcase>
      <testcase name="test_pw_after_swap_stronger_donor_raises_pw" assertions="1" status="pass" classname="tests/headless/test_engine_swap.gd" time="0.000143" >
      </testcase>
      <testcase name="test_pw_after_swap_weaker_donor_lowers_pw" assertions="1" status="pass" classname="tests/headless/test_engine_swap.gd" time="0.000134" >
      </testcase>
      <testcase name="test_pw_after_swap_same_engine_is_noop" assertions="1" status="pass" classname="tests/headless/test_engine_swap.gd" time="0.000133" >
      </testcase>
  </testsuite>
  <testsuite name="tests/headless/test_finish_arch.gd" tests="7" failures="0" skipped="0" time="0.015184" >
      <testcase name="test_builds_a_solid_arch_body" assertions="4" status="pass" classname="tests/headless/test_finish_arch.gd" time="0.004031" >
      </testcase>
      <testcase name="test_arch_spans_its_opening_and_height" assertions="4" status="pass" classname="tests/headless/test_finish_arch.gd" time="0.001453" >
      </testcase>
      <testcase name="test_has_banners_ropes_and_anchors" assertions="3" status="pass" classname="tests/headless/test_finish_arch.gd" time="0.001049" >
      </testcase>
      <testcase name="test_banners_show_live_event_info" assertions="7" status="pass" classname="tests/headless/test_finish_arch.gd" time="0.003365" >
      </testcase>
      <testcase name="test_banners_fall_back_to_wordmark_without_an_event" assertions="3" status="pass" classname="tests/headless/test_finish_arch.gd" time="0.00167" >
      </testcase>
      <testcase name="test_flat_caps_face_outward" assertions="78" status="pass" classname="tests/headless/test_finish_arch.gd" time="0.001475" >
      </testcase>
      <testcase name="test_rebuild_is_idempotent" assertions="1" status="pass" classname="tests/headless/test_finish_arch.gd" time="0.002141" >
      </testcase>
  </testsuite>
  <testsuite name="tests/headless/test_freeroam_wreck.gd" tests="1" failures="0" skipped="0" time="0.04806" >
      <testcase name="test_freeroam_wreck_heals_and_resets_to_spawn" assertions="5" status="pass" classname="tests/headless/test_freeroam_wreck.gd" time="0.04806" >
      </testcase>
  </testsuite>
  <testsuite name="tests/headless/test_garage.gd" tests="9" failures="0" skipped="0" time="0.001155" >
      <testcase name="test_garage_instantiates" assertions="1" status="pass" classname="tests/headless/test_garage.gd" time="0.000168" >
      </testcase>
      <testcase name="test_has_service_bays" assertions="1" status="pass" classname="tests/headless/test_garage.gd" time="0.000069" >
      </testcase>
      <testcase name="test_structure_and_props_geometry_present" assertions="1" status="pass" classname="tests/headless/test_garage.gd" time="0.000077" >
      </testcase>
      <testcase name="test_textured_surfaces_present" assertions="1" status="pass" classname="tests/headless/test_garage.gd" time="0.000082" >
      </testcase>
      <testcase name="test_tool_cabinets_present" assertions="1" status="pass" classname="tests/headless/test_garage.gd" time="0.000081" >
      </testcase>
      <testcase name="test_tyre_stack_present" assertions="1" status="pass" classname="tests/headless/test_garage.gd" time="0.000073" >
      </testcase>
      <testcase name="test_no_team_branding" assertions="1" status="pass" classname="tests/headless/test_garage.gd" time="0.000086" >
      </testcase>
      <testcase name="test_environment_and_lighting_present" assertions="3" status="pass" classname="tests/headless/test_garage.gd" time="0.000114" >
      </testcase>
      <testcase name="test_survives_a_few_frames" assertions="1" status="pass" classname="tests/headless/test_garage.gd" time="0.000405" >
      </testcase>
  </testsuite>
  <testsuite name="tests/headless/test_hud.gd" tests="24" failures="0" skipped="0" time="1.173218" >
      <testcase name="test_hud_visible_when_enabled" assertions="2" status="pass" classname="tests/headless/test_hud.gd" time="0.005123" >
      </testcase>
      <testcase name="test_hud_hidden_when_disabled" assertions="1" status="pass" classname="tests/headless/test_hud.gd" time="1.056655" >
      </testcase>
      <testcase name="test_speed_label_tracks_airspeed" assertions="1" status="pass" classname="tests/headless/test_hud.gd" time="0.003097" >
      </testcase>
      <testcase name="test_gear_and_rpm_labels_track_engine" assertions="4" status="pass" classname="tests/headless/test_hud.gd" time="0.006968" >
      </testcase>
      <testcase name="test_speed_gear_rpm_hidden_until_h_toggle" assertions="14" status="pass" classname="tests/headless/test_hud.gd" time="0.01218" >
      </testcase>
      <testcase name="test_boost_text_formatting" assertions="6" status="pass" classname="tests/headless/test_hud.gd" time="0.004508" >
      </testcase>
      <testcase name="test_seed_text_formatting" assertions="2" status="pass" classname="tests/headless/test_hud.gd" time="0.001516" >
      </testcase>
      <testcase name="test_hud_has_no_version_label" assertions="1" status="pass" classname="tests/headless/test_hud.gd" time="0.001284" >
      </testcase>
      <testcase name="test_elapsed_timer_anchored_top_left" assertions="4" status="pass" classname="tests/headless/test_hud.gd" time="0.001557" >
      </testcase>
      <testcase name="test_countdown_label_formats_ticks_and_go" assertions="6" status="pass" classname="tests/headless/test_hud.gd" time="0.001227" >
      </testcase>
      <testcase name="test_elapsed_label_formats_and_respects_config" assertions="3" status="pass" classname="tests/headless/test_hud.gd" time="0.001796" >
      </testcase>
      <testcase name="test_stage_complete_panel_shows_final_time" assertions="3" status="pass" classname="tests/headless/test_hud.gd" time="0.001259" >
      </testcase>
      <testcase name="test_stage_delta_popup_ahead_is_green_and_labelled" assertions="6" status="pass" classname="tests/headless/test_hud.gd" time="0.001563" >
      </testcase>
      <testcase name="test_stage_delta_popup_behind_is_red_and_labelled" assertions="4" status="pass" classname="tests/headless/test_hud.gd" time="0.001164" >
      </testcase>
      <testcase name="test_stage_delta_popup_respects_config" assertions="1" status="pass" classname="tests/headless/test_hud.gd" time="0.001434" >
      </testcase>
      <testcase name="test_cut_flash_takes_precedence_over_stage_delta" assertions="4" status="pass" classname="tests/headless/test_hud.gd" time="0.001514" >
      </testcase>
[...]
      <testcase name="test_catalogue_is_well_formed" assertions="28" status="pass" classname="tests/headless/test_upgrade_library.gd" time="0.000399" >
      </testcase>
      <testcase name="test_lookups" assertions="10" status="pass" classname="tests/headless/test_upgrade_library.gd" time="0.000346" >
      </testcase>
      <testcase name="test_effect_application_multiplies_and_adds_on_baseline" assertions="5" status="pass" classname="tests/headless/test_upgrade_library.gd" time="0.000349" >
      </testcase>
      <testcase name="test_effective_meta_adjusts_power_to_weight_for_eligibility" assertions="5" status="pass" classname="tests/headless/test_upgrade_library.gd" time="0.000278" >
      </testcase>
      <testcase name="test_effective_meta_uses_swapped_engine_torque" assertions="2" status="pass" classname="tests/headless/test_upgrade_library.gd" time="0.000224" >
      </testcase>
      <testcase name="test_effective_meta_applies_detune_to_torque" assertions="2" status="pass" classname="tests/headless/test_upgrade_library.gd" time="0.000215" >
      </testcase>
      <testcase name="test_max_potential_meta_undoes_detune_and_drops_ballast" assertions="2" status="pass" classname="tests/headless/test_upgrade_library.gd" time="0.000243" >
      </testcase>
      <testcase name="test_no_upgrades_leaves_config_untouched" assertions="1" status="pass" classname="tests/headless/test_upgrade_library.gd" time="0.000247" >
      </testcase>
      <testcase name="test_aero_tuning_is_gated_by_the_aero_upgrade" assertions="2" status="pass" classname="tests/headless/test_upgrade_library.gd" time="0.000176" >
      </testcase>
      <testcase name="test_disabled_upgrades_are_inert_everywhere" assertions="7" status="pass" classname="tests/headless/test_upgrade_library.gd" time="0.000327" >
      </testcase>
      <testcase name="test_no_supercharger_upgrade_exists" assertions="9" status="pass" classname="tests/headless/test_upgrade_library.gd" time="0.000185" >
      </testcase>
      <testcase name="test_install_turbo_writes_turbo_fields_onto_config" assertions="3" status="pass" classname="tests/headless/test_upgrade_library.gd" time="0.000246" >
      </testcase>
      <testcase name="test_effective_meta_rates_turbo_at_peak_boost" assertions="1" status="pass" classname="tests/headless/test_upgrade_library.gd" time="0.000189" >
      </testcase>
      <testcase name="test_drivetrain_slot_is_valid" assertions="4" status="pass" classname="tests/headless/test_upgrade_library.gd" time="0.000192" >
      </testcase>
      <testcase name="test_drivetrain_swap_unlocked_gate" assertions="3" status="pass" classname="tests/headless/test_upgrade_library.gd" time="0.000198" >
      </testcase>
      <testcase name="test_resolve_drive_override" assertions="3" status="pass" classname="tests/headless/test_upgrade_library.gd" time="0.000223" >
      </testcase>
      <testcase name="test_effective_meta_reports_override_drive_mode" assertions="2" status="pass" classname="tests/headless/test_upgrade_library.gd" time="0.000227" >
      </testcase>
      <testcase name="test_effective_meta_keeps_stock_mode_without_kit" assertions="1" status="pass" classname="tests/headless/test_upgrade_library.gd" time="0.000188" >
      </testcase>
  </testsuite>
  <testsuite name="tests/headless/test_upgrade_reveal.gd" tests="7" failures="0" skipped="0" time="0.041613" >
      <testcase name="test_slottable_part_reveal_leaves_it_fitted_disabled_and_finishes" assertions="5" status="pass" classname="tests/headless/test_upgrade_reveal.gd" time="0.007555" >
      </testcase>
      <testcase name="test_repair_kit_on_full_health_car_skips_the_choice_and_finishes" assertions="2" status="pass" classname="tests/headless/test_upgrade_reveal.gd" time="0.009281" >
      </testcase>
      <testcase name="test_repair_kit_on_damaged_car_offers_use_now_and_repairs" assertions="6" status="pass" classname="tests/headless/test_upgrade_reveal.gd" time="0.005252" >
      </testcase>
      <testcase name="test_repair_kit_save_it_leaves_car_damaged_and_keeps_the_kit" assertions="2" status="pass" classname="tests/headless/test_upgrade_reveal.gd" time="0.005247" >
      </testcase>
      <testcase name="test_skip_button_hidden_when_spin_resolves_instantly" assertions="1" status="pass" classname="tests/headless/test_upgrade_reveal.gd" time="0.005611" >
      </testcase>
      <testcase name="test_skip_fast_forwards_a_running_spin_to_the_actual_won_item" assertions="6" status="pass" classname="tests/headless/test_upgrade_reveal.gd" time="0.003683" >
      </testcase>
      <testcase name="test_drivetrain_kit_installs_enabled_without_choice" assertions="2" status="pass" classname="tests/headless/test_upgrade_reveal.gd" time="0.004984" >
      </testcase>
  </testsuite>
  <testsuite name="tests/headless/test_upgrade_reveal_grant.gd" tests="1" failures="0" skipped="0" time="0.005189" >
      <testcase name="test_normal_part_reveal_leaves_part_fitted_disabled_and_emits_finished" assertions="3" status="pass" classname="tests/headless/test_upgrade_reveal_grant.gd" time="0.005189" >
      </testcase>
  </testsuite>
  <testsuite name="tests/headless/test_upgrades_menu.gd" tests="14" failures="0" skipped="0" time="0.047574" >
      <testcase name="test_setup_renders_against_the_given_owned_car" assertions="2" status="pass" classname="tests/headless/test_upgrades_menu.gd" time="0.002773" >
      </testcase>
      <testcase name="test_swap_row_only_when_on_swap_valid" assertions="2" status="pass" classname="tests/headless/test_upgrades_menu.gd" time="0.004914" >
      </testcase>
      <testcase name="test_no_limit_by_default_not_over" assertions="1" status="pass" classname="tests/headless/test_upgrades_menu.gd" time="0.003552" >
      </testcase>
      <testcase name="test_limit_below_ratio_flags_over" assertions="2" status="pass" classname="tests/headless/test_upgrades_menu.gd" time="0.002519" >
      </testcase>
      <testcase name="test_limit_above_ratio_not_over" assertions="2" status="pass" classname="tests/headless/test_upgrades_menu.gd" time="0.002594" >
      </testcase>
      <testcase name="test_close_button_blocks_and_reddens_over_the_limit" assertions="2" status="pass" classname="tests/headless/test_upgrades_menu.gd" time="0.003761" >
      </testcase>
      <testcase name="test_close_button_allows_close_within_the_limit" assertions="2" status="pass" classname="tests/headless/test_upgrades_menu.gd" time="0.003531" >
      </testcase>
      <testcase name="test_close_button_closes_freely_with_no_limit" assertions="2" status="pass" classname="tests/headless/test_upgrades_menu.gd" time="0.002588" >
      </testcase>
      <testcase name="test_has_an_engine_detune_slider" assertions="1" status="pass" classname="tests/headless/test_upgrades_menu.gd" time="0.002892" >
      </testcase>
      <testcase name="test_detune_slider_is_full_range" assertions="2" status="pass" classname="tests/headless/test_upgrades_menu.gd" time="0.006452" >
      </testcase>
      <testcase name="test_editing_detune_writes_fraction_and_fires_callback" assertions="2" status="pass" classname="tests/headless/test_upgrades_menu.gd" time="0.002956" >
      </testcase>
      <testcase name="test_detune_label_shows_pw_but_not_the_cap" assertions="2" status="pass" classname="tests/headless/test_upgrades_menu.gd" time="0.003177" >
      </testcase>
      <testcase name="test_weight_delta_label_is_signed_and_rounded_to_100" assertions="4" status="pass" classname="tests/headless/test_upgrades_menu.gd" time="0.00303" >
      </testcase>
      <testcase name="test_weight_slot_ballast_is_free_lightweight_is_gated" assertions="5" status="pass" classname="tests/headless/test_upgrades_menu.gd" time="0.002835" >
      </testcase>
  </testsuite>
  <testsuite name="tests/headless/test_water_config.gd" tests="1" failures="0" skipped="0" time="0.000466" >
      <testcase name="test_water_defaults_off" assertions="3" status="pass" classname="tests/headless/test_water_config.gd" time="0.000466" >
      </testcase>
  </testsuite>
  <testsuite name="tests/headless/test_web_fullscreen.gd" tests="4" failures="0" skipped="0" time="0.000429" >
      <testcase name="test_taller_than_wide_is_portrait" assertions="1" status="pass" classname="tests/headless/test_web_fullscreen.gd" time="0.000119" >
      </testcase>
      <testcase name="test_wider_than_tall_is_not_portrait" assertions="1" status="pass" classname="tests/headless/test_web_fullscreen.gd" time="0.000105" >
      </testcase>
      <testcase name="test_square_counts_as_landscape" assertions="1" status="pass" classname="tests/headless/test_web_fullscreen.gd" time="0.0001" >
      </testcase>
      <testcase name="test_autoload_is_inert_off_web" assertions="2" status="pass" classname="tests/headless/test_web_fullscreen.gd" time="0.000105" >
      </testcase>
  </testsuite>
  <testsuite name="tests/headless/test_wheel_customization.gd" tests="28" failures="0" skipped="0" time="4.249216" >
      <testcase name="test_wheel_catalogue_entries_are_all_real_catalogue_cars" assertions="13" status="pass" classname="tests/headless/test_wheel_customization.gd" time="0.002905" >
      </testcase>
      <testcase name="test_cars_without_a_wheel_texture_donate_nothing" assertions="4" status="pass" classname="tests/headless/test_wheel_customization.gd" time="0.002408" >
      </testcase>
      <testcase name="test_options_put_the_cars_own_wheels_first" assertions="6" status="pass" classname="tests/headless/test_wheel_customization.gd" time="0.003531" >
      </testcase>
      <testcase name="test_a_textureless_car_still_gets_a_stock_option" assertions="5" status="pass" classname="tests/headless/test_wheel_customization.gd" time="0.002769" >
      </testcase>
      <testcase name="test_absent_key_means_stock_wheels" assertions="3" status="pass" classname="tests/headless/test_wheel_customization.gd" time="0.002637" >
      </testcase>
      <testcase name="test_a_fitted_style_resolves_to_the_donors_texture" assertions="3" status="pass" classname="tests/headless/test_wheel_customization.gd" time="0.003352" >
      </testcase>
      <testcase name="test_unknown_style_falls_back_to_stock" assertions="1" status="pass" classname="tests/headless/test_wheel_customization.gd" time="0.002616" >
      </testcase>
      <testcase name="test_option_index_finds_the_worn_style_and_defaults_to_stock" assertions="2" status="pass" classname="tests/headless/test_wheel_customization.gd" time="0.002395" >
      </testcase>
      <testcase name="test_set_wheels_round_trips" assertions="2" status="pass" classname="tests/headless/test_wheel_customization.gd" time="0.004148" >
      </testcase>
      <testcase name="test_reverting_to_stock_erases_the_key_and_restores_the_hash" assertions="4" status="pass" classname="tests/headless/test_wheel_customization.gd" time="0.003135" >
      </testcase>
      <testcase name="test_new_cars_carry_no_wheels_key" assertions="1" status="pass" classname="tests/headless/test_wheel_customization.gd" time="0.003293" >
      </testcase>
      <testcase name="test_set_wheels_on_an_unknown_car_is_a_no_op" assertions="1" status="pass" classname="tests/headless/test_wheel_customization.gd" time="0.002995" >
      </testcase>
      <testcase name="test_wheels_are_independent_of_the_engine_swap_system" assertions="2" status="pass" classname="tests/headless/test_wheel_customization.gd" time="0.00255" >
      </testcase>
      <testcase name="test_fitting_wheels_changes_no_physics" assertions="10" status="pass" classname="tests/headless/test_wheel_customization.gd" time="0.193867" >
      </testcase>
      <testcase name="test_fitting_wheels_changes_the_rendered_texture" assertions="9" status="pass" classname="tests/headless/test_wheel_customization.gd" time="0.09865" >
      </testcase>
      <testcase name="test_bare_apply_car_reverts_to_stock_wheels" assertions="1" status="pass" classname="tests/headless/test_wheel_customization.gd" time="0.144207" >
      </testcase>
      <testcase name="test_reskin_wheels_changes_only_the_texture" assertions="5" status="pass" classname="tests/headless/test_wheel_customization.gd" time="0.143649" >
      </testcase>
      <testcase name="test_wheel_view_parks_the_car_alone" assertions="5" status="pass" classname="tests/headless/test_wheel_customization.gd" time="0.379501" >
      </testcase>
      <testcase name="test_wheel_view_uses_the_side_on_camera" assertions="2" status="pass" classname="tests/headless/test_wheel_customization.gd" time="0.277289" >
      </testcase>
      <testcase name="test_cycling_steps_the_style_and_previews_it" assertions="4" status="pass" classname="tests/headless/test_wheel_customization.gd" time="0.288347" >
      </testcase>
      <testcase name="test_fitting_wheels_saves_the_style_and_returns_to_the_lift" assertions="3" status="pass" classname="tests/headless/test_wheel_customization.gd" time="0.398823" >
      </testcase>
      <testcase name="test_fitting_the_stock_option_reverts_to_stock" assertions="1" status="pass" classname="tests/headless/test_wheel_customization.gd" time="0.392001" >
      </testcase>
      <testcase name="test_backing_out_discards_the_preview_and_reskins_the_car" assertions="3" status="pass" classname="tests/headless/test_wheel_customization.gd" time="0.308066" >
      </testcase>
      <testcase name="test_re_entering_after_an_early_back_out_rewires_cleanly" assertions="6" status="pass" classname="tests/headless/test_wheel_customization.gd" time="0.373399" >
      </testcase>
      <testcase name="test_a_wrecked_car_can_still_change_wheels" assertions="3" status="pass" classname="tests/headless/test_wheel_customization.gd" time="0.271324" >
      </testcase>
      <testcase name="test_wheel_view_is_keyboard_and_gamepad_navigable" assertions="5" status="pass" classname="tests/headless/test_wheel_customization.gd" time="0.437711" >
      </testcase>
      <testcase name="test_wheel_view_back_action_leaves_the_view" assertions="1" status="pass" classname="tests/headless/test_wheel_customization.gd" time="0.301244" >
      </testcase>
      <testcase name="test_the_lift_hub_offers_wheels_in_its_cursor" assertions="3" status="pass" classname="tests/headless/test_wheel_customization.gd" time="0.202404" >
      </testcase>
  </testsuite>
  <testsuite name="tests/headless/test_wheel_particles.gd" tests="16" failures="0" skipped="0" time="0.041633" >
      <testcase name="test_pool_starts_empty_and_capped" assertions="2" status="pass" classname="tests/headless/test_wheel_particles.gd" time="0.0032" >
      </testcase>
      <testcase name="test_driven_spinning_on_gravel_emits" assertions="1" status="pass" classname="tests/headless/test_wheel_particles.gd" time="0.002718" >
      </testcase>
      <testcase name="test_undriven_wheel_does_not_emit" assertions="1" status="pass" classname="tests/headless/test_wheel_particles.gd" time="0.002683" >
      </testcase>
      <testcase name="test_no_emit_when_not_spinning_faster_than_ground" assertions="1" status="pass" classname="tests/headless/test_wheel_particles.gd" time="0.002352" >
      </testcase>
      <testcase name="test_grass_emits_blades" assertions="1" status="pass" classname="tests/headless/test_wheel_particles.gd" time="0.002364" >
      </testcase>
      <testcase name="test_no_emit_on_tarmac" assertions="1" status="pass" classname="tests/headless/test_wheel_particles.gd" time="0.002347" >
      </testcase>
      <testcase name="test_sliding_and_spinning_still_emits_and_sprays_sideways" assertions="4" status="pass" classname="tests/headless/test_wheel_particles.gd" time="0.003314" >
      </testcase>
      <testcase name="test_warm_up_draws_then_clears" assertions="2" status="pass" classname="tests/headless/test_wheel_particles.gd" time="0.002613" >
      </testcase>
      <testcase name="test_ring_buffer_caps_live_particles" assertions="1" status="pass" classname="tests/headless/test_wheel_particles.gd" time="0.002921" >
      </testcase>
      <testcase name="test_one_shared_pool_for_every_surface" assertions="4" status="pass" classname="tests/headless/test_wheel_particles.gd" time="0.002311" >
      </testcase>
      <testcase name="test_slot_basis_encodes_size_and_roll" assertions="7" status="pass" classname="tests/headless/test_wheel_particles.gd" time="0.002275" >
      </testcase>
      <testcase name="test_slot_half_extents_are_independent_axes" assertions="2" status="pass" classname="tests/headless/test_wheel_particles.gd" time="0.002218" >
      </testcase>
      <testcase name="test_slot_writes_per_instance_colour" assertions="3" status="pass" classname="tests/headless/test_wheel_particles.gd" time="0.002554" >
      </testcase>
      <testcase name="test_advance_moves_origin_but_freezes_look" assertions="14" status="pass" classname="tests/headless/test_wheel_particles.gd" time="0.003198" >
      </testcase>
      <testcase name="test_zero_jitter_uses_the_look_colour_verbatim" assertions="1" status="pass" classname="tests/headless/test_wheel_particles.gd" time="0.002267" >
      </testcase>
      <testcase name="test_look_for_surface_picks_by_surface" assertions="3" status="pass" classname="tests/headless/test_wheel_particles.gd" time="0.002298" >
      </testcase>
  </testsuite>
  <testsuite name="tests/headless/test_wheel_texture_imports.gd" tests="2" failures="0" skipped="0" time="0.004114" >
      <testcase name="test_every_wheel_texture_opts_out_of_the_silent_3d_reimport" assertions="28" status="pass" classname="tests/headless/test_wheel_texture_imports.gd" time="0.00318" >
      </testcase>
      <testcase name="test_vram_compressed_wheel_textures_are_block_aligned" assertions="3" status="pass" classname="tests/headless/test_wheel_texture_imports.gd" time="0.000934" >
      </testcase>
  </testsuite>
  <testsuite name="tests/headless/test_world_engine_mute.gd" tests="1" failures="0" skipped="0" time="0.000329" >
      <testcase name="test_leaderboard_mute_disables_engine_processing" assertions="2" status="pass" classname="tests/headless/test_world_engine_mute.gd" time="0.000329" >
      </testcase>
  </testsuite>
  <testsuite name="tests/headless/test_world_fps_cap.gd" tests="4" failures="0" skipped="0" time="4.368532" >
      <testcase name="test_a_loading_cap_is_applied_before_the_final_one" assertions="1" status="pass" classname="tests/headless/test_world_fps_cap.gd" time="1.126851" >
      </testcase>
      <testcase name="test_post_load_cap_is_the_resolver_s_choice" assertions="1" status="pass" classname="tests/headless/test_world_fps_cap.gd" time="1.079251" >
      </testcase>
      <testcase name="test_loading_cap_is_never_left_in_place" assertions="1" status="pass" classname="tests/headless/test_world_fps_cap.gd" time="1.082612" >
      </testcase>
      <testcase name="test_benchmark_never_sees_a_transient_loading_cap" assertions="2" status="pass" classname="tests/headless/test_world_fps_cap.gd" time="1.079818" >
      </testcase>
  </testsuite>
  <testsuite name="tests/headless/test_wreck_screen.gd" tests="1" failures="0" skipped="0" time="0.004025" >
      <testcase name="test_crashes_then_orbits_and_requests_return" assertions="8" status="pass" classname="tests/headless/test_wreck_screen.gd" time="0.004025" >
      </testcase>
  </testsuite>
  <testsuite name="tests/headless/test_wreck_site_gate.gd" tests="3" failures="0" skipped="0" time="0.000473" >
      <testcase name="test_picks_first_candidate_within_budget" assertions="1" status="pass" classname="tests/headless/test_wreck_site_gate.gd" time="0.000153" >
      </testcase>
      <testcase name="test_falls_back_to_flattest_when_none_fit" assertions="1" status="pass" classname="tests/headless/test_wreck_site_gate.gd" time="0.000217" >
      </testcase>
      <testcase name="test_empty_returns_empty" assertions="1" status="pass" classname="tests/headless/test_wreck_site_gate.gd" time="0.000103" >
      </testcase>
  </testsuite>
</testsuites>